<?xml version="1.0" encoding="UTF-8"?>
<!-- Generated by org.testng.reporters.JUnitReportReporter -->
<testsuite hostname="Ammu8867" failures="0" tests="1" name="AmazonMavenPOM_Test.Amazon_TC15" time="12.173" errors="0" timestamp="2024-03-09T17:53:35 IST" skipped="0">
  <testcase classname="AmazonMavenPOM_Test.Amazon_TC15" name="NavigateToCartPageWithOutLogin" time="12.173"/>
</testsuite> <!-- AmazonMavenPOM_Test.Amazon_TC15 -->
