<?xml version="1.0" encoding="UTF-8"?>
<!-- Generated by org.testng.reporters.JUnitReportReporter -->
<testsuite hostname="Ammu8867" failures="0" tests="1" name="MavenAmeerPOM.SeleniumAmirP.testlaunch" time="9.858" errors="0" timestamp="2024-02-08T20:03:05 IST" skipped="0">
  <testcase classname="MavenAmeerPOM.SeleniumAmirP.testlaunch" name="launch" time="9.858"/>
</testsuite> <!-- MavenAmeerPOM.SeleniumAmirP.testlaunch -->
