<?xml version="1.0" encoding="UTF-8"?>
<!-- Generated by org.testng.reporters.JUnitReportReporter -->
<testsuite hostname="Ammu8867" failures="0" tests="1" name="AmazonMavenPOM_Test.AmazonTC06" time="24.842" errors="0" timestamp="2024-02-23T12:20:27 IST" skipped="0">
  <testcase classname="AmazonMavenPOM_Test.AmazonTC06" name="VerifyFilteredProductPrice" time="24.842"/>
</testsuite> <!-- AmazonMavenPOM_Test.AmazonTC06 -->
