<?xml version="1.0" encoding="UTF-8"?>
<!-- Generated by org.testng.reporters.JUnitReportReporter -->
<testsuite hostname="Ammu8867" failures="0" tests="3" name="AmazonMavenPOM_Test.Amazon_TC03" time="42.423" errors="0" timestamp="2024-03-19T12:58:37 IST" skipped="2">
  <testcase classname="AmazonMavenPOM_Test.Amazon_TC03" name="ValidateInvalidCredLogin" time="14.567">
    <skipped/>
  </testcase> <!-- ValidateInvalidCredLogin -->
  <testcase classname="AmazonMavenPOM_Test.Amazon_TC03" name="ValidateInvalidCredLogin" time="13.255">
    <skipped/>
  </testcase> <!-- ValidateInvalidCredLogin -->
  <testcase classname="AmazonMavenPOM_Test.Amazon_TC03" name="ValidateInvalidCredLogin" time="14.601">
    <system-out>
      <![CDATA[Test Case Success while execution hence takeing Sceenshoot]]>
    </system-out>
  </testcase> <!-- ValidateInvalidCredLogin -->
  <system-out>
    <![CDATA[Test Case Failed while execution hence takeing Sceenshoot
Test Case Success while execution hence takeing Sceenshoot
Test Case Failed while execution hence takeing Sceenshoot
Test Case Success while execution hence takeing Sceenshoot
Test Case Success while execution hence takeing Sceenshoot
Test Case Success while execution hence takeing Sceenshoot
Test Case Failed while execution hence takeing Sceenshoot
Test Case Success while execution hence takeing Sceenshoot
Test Case Success while execution hence takeing Sceenshoot
Test Case Success while execution hence takeing Sceenshoot
Test Case Failed while execution hence takeing Sceenshoot]]>
  </system-out>
</testsuite> <!-- AmazonMavenPOM_Test.Amazon_TC03 -->
