<?xml version="1.0" encoding="UTF-8"?>
<!-- Generated by org.testng.reporters.JUnitReportReporter -->
<testsuite hostname="Ammu8867" failures="0" tests="1" name="AmazonMavenPOM_Test.LoginFail_TC03" time="51.393" errors="0" timestamp="2024-02-17T13:02:54 IST" skipped="0">
  <testcase classname="AmazonMavenPOM_Test.LoginFail_TC03" name="ValidateInvalidCredLogin" time="51.393"/>
</testsuite> <!-- AmazonMavenPOM_Test.LoginFail_TC03 -->
