<?xml version="1.0" encoding="UTF-8"?>
<!-- Generated by org.testng.reporters.JUnitReportReporter -->
<testsuite hostname="Ammu8867" failures="0" tests="1" name="AmazonMavenPOM_Test.Login_TC02" time="8.317" errors="0" timestamp="2024-02-17T12:08:56 IST" skipped="0">
  <testcase classname="AmazonMavenPOM_Test.Login_TC02" name="main" time="8.317"/>
</testsuite> <!-- AmazonMavenPOM_Test.Login_TC02 -->
