<?xml version="1.0" encoding="UTF-8"?>
<!-- Generated by org.testng.reporters.JUnitReportReporter -->
<testsuite hostname="Ammu8867" failures="0" tests="1" name="AmazonMavenPOM_Test.testlaunch" time="4.094" errors="0" timestamp="2024-02-15T08:12:21 IST" skipped="0">
  <testcase classname="AmazonMavenPOM_Test.testlaunch" name="launch" time="4.094"/>
</testsuite> <!-- AmazonMavenPOM_Test.testlaunch -->
