<?xml version="1.0" encoding="UTF-8"?>
<!-- Generated by org.testng.reporters.JUnitReportReporter -->
<testsuite hostname="Ammu8867" failures="0" tests="1" name="AmazonMavenPOM_Test.Amazon_TC12" time="23.208" errors="0" timestamp="2024-03-09T00:59:35 IST" skipped="0">
  <testcase classname="AmazonMavenPOM_Test.Amazon_TC12" name="Verify_ProductCount_CheckOut" time="23.208"/>
</testsuite> <!-- AmazonMavenPOM_Test.Amazon_TC12 -->
