<?xml version="1.0" encoding="UTF-8"?>
<!-- Generated by org.testng.reporters.JUnitReportReporter -->
<testsuite hostname="Ammu8867" failures="0" tests="2" name="AmazonMavenPOM_Test.Amazon_TC04" time="48.861" errors="0" timestamp="2024-02-20T13:45:20 IST" skipped="1">
  <testcase classname="AmazonMavenPOM_Test.Amazon_TC04" name="AmzonEditProfile" time="12.746">
    <system-out>
      <![CDATA[Test Case Success while execution hence takeing Sceenshoot]]>
    </system-out>
  </testcase> <!-- AmzonEditProfile -->
  <testcase classname="AmazonMavenPOM_Test.Amazon_TC04" name="AmzonEditProfile" time="36.115">
    <skipped/>
  </testcase> <!-- AmzonEditProfile -->
  <system-out>
    <![CDATA[Test Case Success while execution hence takeing Sceenshoot]]>
  </system-out>
</testsuite> <!-- AmazonMavenPOM_Test.Amazon_TC04 -->
