<?xml version="1.0" encoding="UTF-8"?>
<!-- Generated by org.testng.reporters.JUnitReportReporter -->
<testsuite hostname="Ammu8867" failures="0" tests="1" name="AmazonMavenPOM_Test.AmazonTC05" time="13.616" errors="0" timestamp="2024-02-21T17:38:06 IST" skipped="0">
  <testcase classname="AmazonMavenPOM_Test.AmazonTC05" name="AmazonSearchProduct" time="13.616">
    <system-out>
      <![CDATA[Test Case Success while execution hence takeing Sceenshoot]]>
    </system-out>
  </testcase> <!-- AmazonSearchProduct -->
  <system-out>
    <![CDATA[Test Case Success while execution hence takeing Sceenshoot]]>
  </system-out>
</testsuite> <!-- AmazonMavenPOM_Test.AmazonTC05 -->
