<?xml version="1.0" encoding="UTF-8"?>
<!-- Generated by org.testng.reporters.JUnitReportReporter -->
<testsuite hostname="Ammu8867" failures="0" tests="1" name="AmazonMavenPOM_Test.Register_TC01" time="5.533" errors="0" timestamp="2024-02-17T06:33:03 IST" skipped="0">
  <testcase classname="AmazonMavenPOM_Test.Register_TC01" name="RegisterNewuser" time="5.533"/>
</testsuite> <!-- AmazonMavenPOM_Test.Register_TC01 -->
